<?xml version="1.0" encoding="UTF-8"?>
<!-- Generated by org.testng.reporters.JUnitXMLReporter -->
<testsuite ignored="0" hostname="Nidhis-MacBook-Air.local" failures="2" tests="9" name="Test" time="69.86" errors="0" timestamp="2023-03-25T11:17:28 EDT">
  <testcase classname="com.Automation.TestsCases.LoginPageTest" name="titleTest" time="0.013"/>
  <testcase classname="com.Automation.TestsCases.LoginPageTest" name="validatingCRMimage" time="0.443">
    <failure type="java.lang.AssertionError" message="expected [true] but found [false]">
      <![CDATA[java.lang.AssertionError: expected [true] but found [false]
at com.Automation.TestsCases.LoginPageTest.validatingCRMimage(LoginPageTest.java:55)
at java.base/java.util.ArrayList.forEach(ArrayList.java:1511)
... Removed 31 stack frames]]>
    </failure>
  </testcase> <!-- validatingCRMimage -->
  <testcase classname="com.Automation.TestsCases.LoginPageTest" name="forgotPasswortdText" time="0.43"/>
  <testcase classname="com.Automation.TestsCases.LoginPageTest" name="version" time="0.419"/>
  <testcase classname="com.Automation.TestsCases.LoginPageTest" name="login" time="7.254"/>
  <testcase classname="com.Automation.TestsCases.HomePage_Test" name="homepageTitle" time="0.005"/>
  <testcase classname="com.Automation.TestsCases.HomePage_Test" name="checkingUser" time="0.354">
    <failure type="java.lang.AssertionError" message="expected [Paul Collings] but found [First Last]">
      <![CDATA[java.lang.AssertionError: expected [Paul Collings] but found [First Last]
at com.Automation.TestsCases.HomePage_Test.checkingUser(HomePage_Test.java:50)
at java.base/java.util.ArrayList.forEach(ArrayList.java:1511)
... Removed 33 stack frames]]>
    </failure>
  </testcase> <!-- checkingUser -->
  <testcase classname="com.Automation.TestsCases.HomePage_Test" name="links" time="0.566"/>
  <testcase classname="com.Automation.TestsCases.HomePage_Test" name="clickOnRecruitment" time="5.229"/>
</testsuite> <!-- Test -->
