<?xml version="1.0" encoding="UTF-8"?>
<!-- Generated by org.testng.reporters.JUnitXMLReporter -->
<testsuite ignored="0" hostname="Nidhis-MacBook-Air.local" failures="2" tests="11" name="Test" time="123.232" errors="0" timestamp="2023-03-25T12:04:43 EDT">
  <testcase classname="com.Automation.TestsCases.RecuritmentPage_Test" name="verifyingRecrutmentPage" time="0.368"/>
  <testcase classname="com.Automation.TestsCases.RecuritmentPage_Test" name="clickingVacancies" time="4.097"/>
  <testcase classname="com.Automation.TestsCases.HomePage_Test" name="homepageTitle" time="0.011">
    <failure type="java.lang.AssertionError" message="OrangeHRM expected:&amp;lt;OrangeHRM&amp;gt; but was:&amp;lt;HomePage title is not matched&amp;gt;">
      <![CDATA[java.lang.AssertionError: OrangeHRM expected:<OrangeHRM> but was:<HomePage title is not matched>
at com.Automation.TestsCases.HomePage_Test.homepageTitle(HomePage_Test.java:42)
at java.base/java.util.ArrayList.forEach(ArrayList.java:1511)
... Removed 28 stack frames]]>
    </failure>
  </testcase> <!-- homepageTitle -->
  <testcase classname="com.Automation.TestsCases.HomePage_Test" name="checkingUser" time="0.308"/>
  <testcase classname="com.Automation.TestsCases.HomePage_Test" name="links" time="0.587"/>
  <testcase classname="com.Automation.TestsCases.HomePage_Test" name="clickOnRecruitment" time="5.233"/>
  <testcase classname="com.Automation.TestsCases.LoginPageTest" name="titleTest" time="0.009"/>
  <testcase classname="com.Automation.TestsCases.LoginPageTest" name="validatingCRMimage" time="0.434">
    <failure type="java.lang.AssertionError">
      <![CDATA[java.lang.AssertionError: 
at com.Automation.TestsCases.LoginPageTest.validatingCRMimage(LoginPageTest.java:57)
at java.base/java.util.ArrayList.forEach(ArrayList.java:1511)
... Removed 30 stack frames]]>
    </failure>
  </testcase> <!-- validatingCRMimage -->
  <testcase classname="com.Automation.TestsCases.LoginPageTest" name="forgotPasswortdText" time="0.707"/>
  <testcase classname="com.Automation.TestsCases.LoginPageTest" name="version" time="0.439"/>
  <testcase classname="com.Automation.TestsCases.LoginPageTest" name="login" time="7.143"/>
</testsuite> <!-- Test -->
