<?xml version="1.0" encoding="UTF-8"?>
<!-- Generated by org.testng.reporters.JUnitXMLReporter -->
<testsuite ignored="0" hostname="Nidhis-MacBook-Air.local" failures="1" tests="16" name="Test" time="176.368" errors="0" timestamp="2023-03-25T16:24:26 EDT">
  <testcase classname="com.Automation.TestsCases.LoginPageTest" name="titleTest" time="0.016"/>
  <testcase classname="com.Automation.TestsCases.LoginPageTest" name="validatingCRMimage" time="0.394">
    <failure type="java.lang.AssertionError">
      <![CDATA[java.lang.AssertionError: 
at com.Automation.TestsCases.LoginPageTest.validatingCRMimage(LoginPageTest.java:57)
at java.base/java.util.ArrayList.forEach(ArrayList.java:1511)
... Removed 30 stack frames]]>
    </failure>
  </testcase> <!-- validatingCRMimage -->
  <testcase classname="com.Automation.TestsCases.LoginPageTest" name="forgotPasswortdText" time="0.402"/>
  <testcase classname="com.Automation.TestsCases.LoginPageTest" name="version" time="0.399"/>
  <testcase classname="com.Automation.TestsCases.LoginPageTest" name="login" time="7.478"/>
  <testcase classname="com.Automation.TestsCases.HomePage_Test" name="homepageTitle" time="0.01"/>
  <testcase classname="com.Automation.TestsCases.HomePage_Test" name="checkingUser" time="0.412"/>
  <testcase classname="com.Automation.TestsCases.HomePage_Test" name="links" time="0.778"/>
  <testcase classname="com.Automation.TestsCases.HomePage_Test" name="clickOnRecruitment" time="5.328"/>
  <testcase classname="com.Automation.TestsCases.RecuritmentPage_Test" name="verifyingRecrutmentPage" time="0.463"/>
  <testcase classname="com.Automation.TestsCases.RecuritmentPage_Test" name="clickingVacancies" time="3.62"/>
  <testcase classname="com.Automation.TestsCases.RecuritmentPage_Test" name="clickingAddCandidate" time="3.156"/>
  <testcase classname="com.Automation.TestsCases.CreatingCandidates_Test" name="createNewCandidate" time="3.628"/>
  <testcase classname="com.Automation.TestsCases.CreatingCandidates_Test" name="createNewCandidate" time="3.802"/>
  <testcase classname="com.Automation.TestsCases.CreatingCandidates_Test" name="createNewCandidate" time="3.824"/>
  <testcase classname="com.Automation.TestsCases.CreatingCandidates_Test" name="createNewCandidate" time="3.786"/>
</testsuite> <!-- Test -->
